[debug] [2020-12-14T20:13:41.671Z] ----------------------------------------------------------------------
[debug] [2020-12-14T20:13:41.673Z] Command:       C:\Program Files\nodejs\node.exe C:\Users\Karun\AppData\Roaming\npm\node_modules\firebase-tools\lib\bin\firebase.js emulators:start --only functions,hosting
[debug] [2020-12-14T20:13:41.674Z] CLI Version:   8.18.0
[debug] [2020-12-14T20:13:41.674Z] Platform:      win32
[debug] [2020-12-14T20:13:41.674Z] Node Version:  v14.6.0
[debug] [2020-12-14T20:13:41.675Z] Time:          Tue Dec 15 2020 01:58:41 GMT+0545 (Nepal Time)
[debug] [2020-12-14T20:13:41.676Z] ----------------------------------------------------------------------
[debug] [2020-12-14T20:13:41.676Z] 
[debug] [2020-12-14T20:13:41.685Z] > command requires scopes: ["email","openid","https://www.googleapis.com/auth/cloudplatformprojects.readonly","https://www.googleapis.com/auth/firebase","https://www.googleapis.com/auth/cloud-platform"]
[debug] [2020-12-14T20:13:41.685Z] > authorizing via signed-in user
[info] i  emulators: Starting emulators: functions, hosting {"metadata":{"emulator":{"name":"hub"},"message":"Starting emulators: functions, hosting"}}
[debug] [2020-12-14T20:13:43.781Z] [hub] writing locator at C:\Users\Karun\AppData\Local\Temp\hub-clone-e-2d18c.json
[warn] !  functions: The following emulators are not running, calls to these services from the Functions emulator will affect production: auth, firestore, database, pubsub {"metadata":{"emulator":{"name":"functions"},"message":"The following emulators are not running, calls to these services from the Functions emulator will affect production: \u001b[1mauth, firestore, database, pubsub\u001b[22m"}}
[warn] !  Your requested "node" version "12" doesn't match your global version "14" {"metadata":{"emulator":{"name":"functions"},"message":"Your requested \"node\" version \"12\" doesn't match your global version \"14\""}}
[debug] [2020-12-14T20:13:45.819Z] defaultcredentials: writing to file C:\Users\Karun\AppData\Roaming\firebase\asura_wizzy_gmail.com_application_default_credentials.json
[debug] [2020-12-14T20:13:45.821Z] Setting GAC to C:\Users\Karun\AppData\Roaming\firebase\asura_wizzy_gmail.com_application_default_credentials.json {"metadata":{"emulator":{"name":"functions"},"message":"Setting GAC to C:\\Users\\Karun\\AppData\\Roaming\\firebase\\asura_wizzy_gmail.com_application_default_credentials.json"}}
[debug] [2020-12-14T20:13:47.834Z] >>> HTTP REQUEST GET https://firebase.googleapis.com/v1beta1/projects/clone-e-2d18c/webApps/-/config  
 
[debug] [2020-12-14T20:13:50.098Z] <<< HTTP RESPONSE 200 {"content-type":"application/json; charset=UTF-8","vary":"X-Origin, Referer, Origin,Accept-Encoding","date":"Mon, 14 Dec 2020 20:13:49 GMT","server":"ESF","cache-control":"private","x-xss-protection":"0","x-frame-options":"SAMEORIGIN","x-content-type-options":"nosniff","alt-svc":"h3-29=\":443\"; ma=2592000,h3-T051=\":443\"; ma=2592000,h3-Q050=\":443\"; ma=2592000,h3-Q046=\":443\"; ma=2592000,h3-Q043=\":443\"; ma=2592000,quic=\":443\"; ma=2592000; v=\"46,43\"","accept-ranges":"none","transfer-encoding":"chunked"}
[info] i  hosting: Serving hosting files from: build {"metadata":{"emulator":{"name":"hosting"},"message":"Serving hosting files from: \u001b[1mbuild\u001b[22m"}}
[info] +  hosting: Local server: http://localhost:5000 {"metadata":{"emulator":{"name":"hosting"},"message":"Local server: \u001b[4m\u001b[1mhttp://localhost:5000\u001b[22m\u001b[24m"}}
[debug] [2020-12-14T20:13:54.757Z] Ignoring unsupported arg: auto_download {"metadata":{"emulator":{"name":"ui"},"message":"Ignoring unsupported arg: auto_download"}}
[debug] [2020-12-14T20:13:54.757Z] Ignoring unsupported arg: port {"metadata":{"emulator":{"name":"ui"},"message":"Ignoring unsupported arg: port"}}
[debug] [2020-12-14T20:13:54.757Z] Starting Emulator UI with command {"binary":"node","args":["C:\\Users\\Karun\\.cache\\firebase\\emulators\\ui-v1.3.0\\server.bundle.js"],"optionalArgs":[],"joinArgs":false} {"metadata":{"emulator":{"name":"ui"},"message":"Starting Emulator UI with command {\"binary\":\"node\",\"args\":[\"C:\\\\Users\\\\Karun\\\\.cache\\\\firebase\\\\emulators\\\\ui-v1.3.0\\\\server.bundle.js\"],\"optionalArgs\":[],\"joinArgs\":false}"}}
[info] i  ui: Emulator UI logging to ui-debug.log {"metadata":{"emulator":{"name":"ui"},"message":"Emulator UI logging to \u001b[1mui-debug.log\u001b[22m"}}
[debug] [2020-12-14T20:13:54.982Z] Web / API server started at http://localhost:4000
 {"metadata":{"emulator":{"name":"ui"},"message":"Web / API server started at http://localhost:4000\n"}}
[info] i  functions: Watching "D:\projects\clone\amzon-clone\amazon-clone\functions" for Cloud Functions... {"metadata":{"emulator":{"name":"functions"},"message":"Watching \"D:\\projects\\clone\\amzon-clone\\amazon-clone\\functions\" for Cloud Functions..."}}
[debug] [2020-12-14T20:13:55.283Z] [worker-pool] addWorker(~diagnostic~) {"metadata":{"emulator":{"name":"functions"},"message":"[worker-pool] addWorker(~diagnostic~)"}}
[debug] [2020-12-14T20:13:55.283Z] [worker-pool] Adding worker with key ~diagnostic~, total=1 {"metadata":{"emulator":{"name":"functions"},"message":"[worker-pool] Adding worker with key ~diagnostic~, total=1"}}
[debug] [2020-12-14T20:13:55.283Z] [worker-pool] submitWork(triggerId=) {"metadata":{"emulator":{"name":"functions"},"message":"[worker-pool] submitWork(triggerId=)"}}
[debug] [2020-12-14T20:13:55.284Z] [worker-~diagnostic~-68f384c4-a534-417b-a0ca-b1871f27c655]: Assigning socketPath: \\?\pipe\D:\projects\clone\amzon-clone\amazon-clone\functions\29944 {"metadata":{"emulator":{"name":"functions"},"message":"[worker-~diagnostic~-68f384c4-a534-417b-a0ca-b1871f27c655]: Assigning socketPath: \\\\?\\pipe\\D:\\projects\\clone\\amzon-clone\\amazon-clone\\functions\\29944"}}
[debug] [2020-12-14T20:13:55.284Z] [worker-~diagnostic~-68f384c4-a534-417b-a0ca-b1871f27c655]: BUSY {"metadata":{"emulator":{"name":"functions"},"message":"[worker-~diagnostic~-68f384c4-a534-417b-a0ca-b1871f27c655]: BUSY"}}
[debug] [2020-12-14T20:13:55.538Z] [runtime-status] [29944] Functions runtime initialized. {"cwd":"D:\\projects\\clone\\amzon-clone\\amazon-clone\\functions","node_version":"14.6.0"} {"metadata":{"emulator":{"name":"functions"},"message":"[runtime-status] [29944] Functions runtime initialized. {\"cwd\":\"D:\\\\projects\\\\clone\\\\amzon-clone\\\\amazon-clone\\\\functions\",\"node_version\":\"14.6.0\"}"}}
[debug] [2020-12-14T20:13:55.540Z] [runtime-status] [29944] Disabled runtime features: undefined {"metadata":{"emulator":{"name":"functions"},"message":"[runtime-status] [29944] Disabled runtime features: undefined"}}
[debug] [2020-12-14T20:13:55.545Z] [runtime-status] [29944] Resolved module firebase-admin {"declared":true,"installed":true,"version":"9.4.2","resolution":"D:\\projects\\clone\\amzon-clone\\amazon-clone\\functions\\node_modules\\firebase-admin\\lib\\index.js"} {"metadata":{"emulator":{"name":"functions"},"message":"[runtime-status] [29944] Resolved module firebase-admin {\"declared\":true,\"installed\":true,\"version\":\"9.4.2\",\"resolution\":\"D:\\\\projects\\\\clone\\\\amzon-clone\\\\amazon-clone\\\\functions\\\\node_modules\\\\firebase-admin\\\\lib\\\\index.js\"}"}}
[debug] [2020-12-14T20:13:55.547Z] [runtime-status] [29944] Resolved module firebase-functions {"declared":true,"installed":true,"version":"3.13.0","resolution":"D:\\projects\\clone\\amzon-clone\\amazon-clone\\functions\\node_modules\\firebase-functions\\lib\\index.js"} {"metadata":{"emulator":{"name":"functions"},"message":"[runtime-status] [29944] Resolved module firebase-functions {\"declared\":true,\"installed\":true,\"version\":\"3.13.0\",\"resolution\":\"D:\\\\projects\\\\clone\\\\amzon-clone\\\\amazon-clone\\\\functions\\\\node_modules\\\\firebase-functions\\\\lib\\\\index.js\"}"}}
[debug] [2020-12-14T20:13:55.549Z] [runtime-status] [29944] Resolved module firebase-functions {"declared":true,"installed":true,"version":"3.13.0","resolution":"D:\\projects\\clone\\amzon-clone\\amazon-clone\\functions\\node_modules\\firebase-functions\\lib\\index.js"} {"metadata":{"emulator":{"name":"functions"},"message":"[runtime-status] [29944] Resolved module firebase-functions {\"declared\":true,\"installed\":true,\"version\":\"3.13.0\",\"resolution\":\"D:\\\\projects\\\\clone\\\\amzon-clone\\\\amazon-clone\\\\functions\\\\node_modules\\\\firebase-functions\\\\lib\\\\index.js\"}"}}
[debug] [2020-12-14T20:13:55.551Z] [runtime-status] [29944] Outgoing network have been stubbed. [{"name":"http","status":"mocked"},{"name":"http","status":"mocked"},{"name":"https","status":"mocked"},{"name":"https","status":"mocked"},{"name":"net","status":"mocked"}] {"metadata":{"emulator":{"name":"functions"},"message":"[runtime-status] [29944] Outgoing network have been stubbed. [{\"name\":\"http\",\"status\":\"mocked\"},{\"name\":\"http\",\"status\":\"mocked\"},{\"name\":\"https\",\"status\":\"mocked\"},{\"name\":\"https\",\"status\":\"mocked\"},{\"name\":\"net\",\"status\":\"mocked\"}]"}}
[debug] [2020-12-14T20:13:55.552Z] [runtime-status] [29944] Resolved module firebase-functions {"declared":true,"installed":true,"version":"3.13.0","resolution":"D:\\projects\\clone\\amzon-clone\\amazon-clone\\functions\\node_modules\\firebase-functions\\lib\\index.js"} {"metadata":{"emulator":{"name":"functions"},"message":"[runtime-status] [29944] Resolved module firebase-functions {\"declared\":true,\"installed\":true,\"version\":\"3.13.0\",\"resolution\":\"D:\\\\projects\\\\clone\\\\amzon-clone\\\\amazon-clone\\\\functions\\\\node_modules\\\\firebase-functions\\\\lib\\\\index.js\"}"}}
[debug] [2020-12-14T20:13:56.209Z] [runtime-status] [29944] Checked functions.config() {"config":{}} {"metadata":{"emulator":{"name":"functions"},"message":"[runtime-status] [29944] Checked functions.config() {\"config\":{}}"}}
[debug] [2020-12-14T20:13:56.209Z] [runtime-status] [29944] firebase-functions has been stubbed. {"functionsResolution":{"declared":true,"installed":true,"version":"3.13.0","resolution":"D:\\projects\\clone\\amzon-clone\\amazon-clone\\functions\\node_modules\\firebase-functions\\lib\\index.js"}} {"metadata":{"emulator":{"name":"functions"},"message":"[runtime-status] [29944] firebase-functions has been stubbed. {\"functionsResolution\":{\"declared\":true,\"installed\":true,\"version\":\"3.13.0\",\"resolution\":\"D:\\\\projects\\\\clone\\\\amzon-clone\\\\amazon-clone\\\\functions\\\\node_modules\\\\firebase-functions\\\\lib\\\\index.js\"}}"}}
[debug] [2020-12-14T20:13:56.210Z] [runtime-status] [29944] Resolved module firebase-functions {"declared":true,"installed":true,"version":"3.13.0","resolution":"D:\\projects\\clone\\amzon-clone\\amazon-clone\\functions\\node_modules\\firebase-functions\\lib\\index.js"} {"metadata":{"emulator":{"name":"functions"},"message":"[runtime-status] [29944] Resolved module firebase-functions {\"declared\":true,\"installed\":true,\"version\":\"3.13.0\",\"resolution\":\"D:\\\\projects\\\\clone\\\\amzon-clone\\\\amazon-clone\\\\functions\\\\node_modules\\\\firebase-functions\\\\lib\\\\index.js\"}"}}
[debug] [2020-12-14T20:13:56.212Z] [runtime-status] [29944] Resolved module firebase-admin {"declared":true,"installed":true,"version":"9.4.2","resolution":"D:\\projects\\clone\\amzon-clone\\amazon-clone\\functions\\node_modules\\firebase-admin\\lib\\index.js"} {"metadata":{"emulator":{"name":"functions"},"message":"[runtime-status] [29944] Resolved module firebase-admin {\"declared\":true,\"installed\":true,\"version\":\"9.4.2\",\"resolution\":\"D:\\\\projects\\\\clone\\\\amzon-clone\\\\amazon-clone\\\\functions\\\\node_modules\\\\firebase-admin\\\\lib\\\\index.js\"}"}}
[debug] [2020-12-14T20:13:56.213Z] [runtime-status] [29944] Resolved module firebase-functions {"declared":true,"installed":true,"version":"3.13.0","resolution":"D:\\projects\\clone\\amzon-clone\\amazon-clone\\functions\\node_modules\\firebase-functions\\lib\\index.js"} {"metadata":{"emulator":{"name":"functions"},"message":"[runtime-status] [29944] Resolved module firebase-functions {\"declared\":true,\"installed\":true,\"version\":\"3.13.0\",\"resolution\":\"D:\\\\projects\\\\clone\\\\amzon-clone\\\\amazon-clone\\\\functions\\\\node_modules\\\\firebase-functions\\\\lib\\\\index.js\"}"}}
[debug] [2020-12-14T20:13:56.214Z] [runtime-status] [29944] firebase-admin has been stubbed. {"adminResolution":{"declared":true,"installed":true,"version":"9.4.2","resolution":"D:\\projects\\clone\\amzon-clone\\amazon-clone\\functions\\node_modules\\firebase-admin\\lib\\index.js"}} {"metadata":{"emulator":{"name":"functions"},"message":"[runtime-status] [29944] firebase-admin has been stubbed. {\"adminResolution\":{\"declared\":true,\"installed\":true,\"version\":\"9.4.2\",\"resolution\":\"D:\\\\projects\\\\clone\\\\amzon-clone\\\\amazon-clone\\\\functions\\\\node_modules\\\\firebase-admin\\\\lib\\\\index.js\"}}"}}
[info] +  functions[api]: http function initialized (http://localhost:1000/clone-e-2d18c/us-central1/api). {"metadata":{"emulator":{"name":"functions"},"message":"\u001b[1mhttp\u001b[22m function initialized (http://localhost:1000/clone-e-2d18c/us-central1/api)."}}
[info] 
┌────────────────────────────────────────────────────────────────┐
│ ✔  All emulators ready! View status and logs at localhost:4000 │
└────────────────────────────────────────────────────────────────┘

┌───────────┬────────────────┬──────────────────────────┐
│ Emulator  │ Host:Port      │ View in Emulator UI      │
├───────────┼────────────────┼──────────────────────────┤
│ Functions │ localhost:1000 │ localhost:4000/functions │
├───────────┼────────────────┼──────────────────────────┤
│ Hosting   │ localhost:5000 │ n/a                      │
└───────────┴────────────────┴──────────────────────────┘
  Other reserved ports: 4400, 4500

Issues? Report them at https://github.com/firebase/firebase-tools/issues and attach the *-debug.log files.
 
[debug] [2020-12-14T20:13:57.377Z] [worker-~diagnostic~-68f384c4-a534-417b-a0ca-b1871f27c655]: IDLE {"metadata":{"emulator":{"name":"functions"},"message":"[worker-~diagnostic~-68f384c4-a534-417b-a0ca-b1871f27c655]: IDLE"}}
[debug] [2020-12-14T20:14:12.167Z] [work-queue] {"queueLength":1,"workRunningCount":0}
[debug] [2020-12-14T20:14:12.168Z] [work-queue] {"queueLength":0,"workRunningCount":1}
[debug] [2020-12-14T20:14:12.168Z] Accepted request GET /clone-e-2d18c/us-central1/api --> api
[debug] [2020-12-14T20:14:12.173Z] [worker-pool] addWorker(api) {"metadata":{"emulator":{"name":"functions"},"message":"[worker-pool] addWorker(api)"}}
[debug] [2020-12-14T20:14:12.174Z] [worker-pool] Adding worker with key api, total=1 {"metadata":{"emulator":{"name":"functions"},"message":"[worker-pool] Adding worker with key api, total=1"}}
[debug] [2020-12-14T20:14:12.174Z] [worker-pool] submitWork(triggerId=api) {"metadata":{"emulator":{"name":"functions"},"message":"[worker-pool] submitWork(triggerId=api)"}}
[debug] [2020-12-14T20:14:12.175Z] [worker-api-26b3a9f1-d19c-4bd7-b0d0-6f1275725047]: Assigning socketPath: \\?\pipe\D:\projects\clone\amzon-clone\amazon-clone\functions\32716 {"metadata":{"emulator":{"name":"functions"},"message":"[worker-api-26b3a9f1-d19c-4bd7-b0d0-6f1275725047]: Assigning socketPath: \\\\?\\pipe\\D:\\projects\\clone\\amzon-clone\\amazon-clone\\functions\\32716"}}
[debug] [2020-12-14T20:14:12.175Z] [worker-api-26b3a9f1-d19c-4bd7-b0d0-6f1275725047]: BUSY {"metadata":{"emulator":{"name":"functions"},"message":"[worker-api-26b3a9f1-d19c-4bd7-b0d0-6f1275725047]: BUSY"}}
[debug] [2020-12-14T20:14:12.450Z] [runtime-status] [32716] Functions runtime initialized. {"cwd":"D:\\projects\\clone\\amzon-clone\\amazon-clone\\functions","node_version":"14.6.0"} {"metadata":{"emulator":{"name":"functions"},"function":{"name":"api"},"message":"[runtime-status] [32716] Functions runtime initialized. {\"cwd\":\"D:\\\\projects\\\\clone\\\\amzon-clone\\\\amazon-clone\\\\functions\",\"node_version\":\"14.6.0\"}"}}
[debug] [2020-12-14T20:14:12.454Z] [runtime-status] [32716] Disabled runtime features: undefined {"metadata":{"emulator":{"name":"functions"},"function":{"name":"api"},"message":"[runtime-status] [32716] Disabled runtime features: undefined"}}
[debug] [2020-12-14T20:14:12.459Z] [runtime-status] [32716] Resolved module firebase-admin {"declared":true,"installed":true,"version":"9.4.2","resolution":"D:\\projects\\clone\\amzon-clone\\amazon-clone\\functions\\node_modules\\firebase-admin\\lib\\index.js"} {"metadata":{"emulator":{"name":"functions"},"function":{"name":"api"},"message":"[runtime-status] [32716] Resolved module firebase-admin {\"declared\":true,\"installed\":true,\"version\":\"9.4.2\",\"resolution\":\"D:\\\\projects\\\\clone\\\\amzon-clone\\\\amazon-clone\\\\functions\\\\node_modules\\\\firebase-admin\\\\lib\\\\index.js\"}"}}
[debug] [2020-12-14T20:14:12.461Z] [runtime-status] [32716] Resolved module firebase-functions {"declared":true,"installed":true,"version":"3.13.0","resolution":"D:\\projects\\clone\\amzon-clone\\amazon-clone\\functions\\node_modules\\firebase-functions\\lib\\index.js"} {"metadata":{"emulator":{"name":"functions"},"function":{"name":"api"},"message":"[runtime-status] [32716] Resolved module firebase-functions {\"declared\":true,\"installed\":true,\"version\":\"3.13.0\",\"resolution\":\"D:\\\\projects\\\\clone\\\\amzon-clone\\\\amazon-clone\\\\functions\\\\node_modules\\\\firebase-functions\\\\lib\\\\index.js\"}"}}
[debug] [2020-12-14T20:14:12.464Z] [runtime-status] [32716] Resolved module firebase-functions {"declared":true,"installed":true,"version":"3.13.0","resolution":"D:\\projects\\clone\\amzon-clone\\amazon-clone\\functions\\node_modules\\firebase-functions\\lib\\index.js"} {"metadata":{"emulator":{"name":"functions"},"function":{"name":"api"},"message":"[runtime-status] [32716] Resolved module firebase-functions {\"declared\":true,\"installed\":true,\"version\":\"3.13.0\",\"resolution\":\"D:\\\\projects\\\\clone\\\\amzon-clone\\\\amazon-clone\\\\functions\\\\node_modules\\\\firebase-functions\\\\lib\\\\index.js\"}"}}
[debug] [2020-12-14T20:14:12.466Z] [runtime-status] [32716] Outgoing network have been stubbed. [{"name":"http","status":"mocked"},{"name":"http","status":"mocked"},{"name":"https","status":"mocked"},{"name":"https","status":"mocked"},{"name":"net","status":"mocked"}] {"metadata":{"emulator":{"name":"functions"},"function":{"name":"api"},"message":"[runtime-status] [32716] Outgoing network have been stubbed. [{\"name\":\"http\",\"status\":\"mocked\"},{\"name\":\"http\",\"status\":\"mocked\"},{\"name\":\"https\",\"status\":\"mocked\"},{\"name\":\"https\",\"status\":\"mocked\"},{\"name\":\"net\",\"status\":\"mocked\"}]"}}
[debug] [2020-12-14T20:14:12.467Z] [runtime-status] [32716] Resolved module firebase-functions {"declared":true,"installed":true,"version":"3.13.0","resolution":"D:\\projects\\clone\\amzon-clone\\amazon-clone\\functions\\node_modules\\firebase-functions\\lib\\index.js"} {"metadata":{"emulator":{"name":"functions"},"function":{"name":"api"},"message":"[runtime-status] [32716] Resolved module firebase-functions {\"declared\":true,\"installed\":true,\"version\":\"3.13.0\",\"resolution\":\"D:\\\\projects\\\\clone\\\\amzon-clone\\\\amazon-clone\\\\functions\\\\node_modules\\\\firebase-functions\\\\lib\\\\index.js\"}"}}
[debug] [2020-12-14T20:14:12.537Z] [runtime-status] [32716] Checked functions.config() {"config":{}} {"metadata":{"emulator":{"name":"functions"},"function":{"name":"api"},"message":"[runtime-status] [32716] Checked functions.config() {\"config\":{}}"}}
[debug] [2020-12-14T20:14:12.537Z] [runtime-status] [32716] firebase-functions has been stubbed. {"functionsResolution":{"declared":true,"installed":true,"version":"3.13.0","resolution":"D:\\projects\\clone\\amzon-clone\\amazon-clone\\functions\\node_modules\\firebase-functions\\lib\\index.js"}} {"metadata":{"emulator":{"name":"functions"},"function":{"name":"api"},"message":"[runtime-status] [32716] firebase-functions has been stubbed. {\"functionsResolution\":{\"declared\":true,\"installed\":true,\"version\":\"3.13.0\",\"resolution\":\"D:\\\\projects\\\\clone\\\\amzon-clone\\\\amazon-clone\\\\functions\\\\node_modules\\\\firebase-functions\\\\lib\\\\index.js\"}}"}}
[debug] [2020-12-14T20:14:12.538Z] [runtime-status] [32716] Resolved module firebase-functions {"declared":true,"installed":true,"version":"3.13.0","resolution":"D:\\projects\\clone\\amzon-clone\\amazon-clone\\functions\\node_modules\\firebase-functions\\lib\\index.js"} {"metadata":{"emulator":{"name":"functions"},"function":{"name":"api"},"message":"[runtime-status] [32716] Resolved module firebase-functions {\"declared\":true,\"installed\":true,\"version\":\"3.13.0\",\"resolution\":\"D:\\\\projects\\\\clone\\\\amzon-clone\\\\amazon-clone\\\\functions\\\\node_modules\\\\firebase-functions\\\\lib\\\\index.js\"}"}}
[debug] [2020-12-14T20:14:12.540Z] [runtime-status] [32716] Resolved module firebase-admin {"declared":true,"installed":true,"version":"9.4.2","resolution":"D:\\projects\\clone\\amzon-clone\\amazon-clone\\functions\\node_modules\\firebase-admin\\lib\\index.js"} {"metadata":{"emulator":{"name":"functions"},"function":{"name":"api"},"message":"[runtime-status] [32716] Resolved module firebase-admin {\"declared\":true,\"installed\":true,\"version\":\"9.4.2\",\"resolution\":\"D:\\\\projects\\\\clone\\\\amzon-clone\\\\amazon-clone\\\\functions\\\\node_modules\\\\firebase-admin\\\\lib\\\\index.js\"}"}}
[debug] [2020-12-14T20:14:12.541Z] [runtime-status] [32716] Resolved module firebase-functions {"declared":true,"installed":true,"version":"3.13.0","resolution":"D:\\projects\\clone\\amzon-clone\\amazon-clone\\functions\\node_modules\\firebase-functions\\lib\\index.js"} {"metadata":{"emulator":{"name":"functions"},"function":{"name":"api"},"message":"[runtime-status] [32716] Resolved module firebase-functions {\"declared\":true,\"installed\":true,\"version\":\"3.13.0\",\"resolution\":\"D:\\\\projects\\\\clone\\\\amzon-clone\\\\amazon-clone\\\\functions\\\\node_modules\\\\firebase-functions\\\\lib\\\\index.js\"}"}}
[debug] [2020-12-14T20:14:12.541Z] [runtime-status] [32716] firebase-admin has been stubbed. {"adminResolution":{"declared":true,"installed":true,"version":"9.4.2","resolution":"D:\\projects\\clone\\amzon-clone\\amazon-clone\\functions\\node_modules\\firebase-admin\\lib\\index.js"}} {"metadata":{"emulator":{"name":"functions"},"function":{"name":"api"},"message":"[runtime-status] [32716] firebase-admin has been stubbed. {\"adminResolution\":{\"declared\":true,\"installed\":true,\"version\":\"9.4.2\",\"resolution\":\"D:\\\\projects\\\\clone\\\\amzon-clone\\\\amazon-clone\\\\functions\\\\node_modules\\\\firebase-admin\\\\lib\\\\index.js\"}}"}}
[debug] [2020-12-14T20:14:12.936Z] [runtime-status] [32716] Trigger "api" has been found, beginning invocation! {"metadata":{"emulator":{"name":"functions"},"function":{"name":"api"},"message":"[runtime-status] [32716] Trigger \"api\" has been found, beginning invocation!"}}
[info] i  functions: Beginning execution of "api" {"metadata":{"emulator":{"name":"functions"},"function":{"name":"api"},"message":"Beginning execution of \"api\""}}
[debug] [2020-12-14T20:14:12.938Z] [runtime-status] [32716] triggerDefinition {"httpsTrigger":{},"name":"api","entryPoint":"api"} {"metadata":{"emulator":{"name":"functions"},"function":{"name":"api"},"message":"[runtime-status] [32716] triggerDefinition {\"httpsTrigger\":{},\"name\":\"api\",\"entryPoint\":\"api\"}"}}
[debug] [2020-12-14T20:14:12.938Z] [runtime-status] [32716] Running api in mode HTTPS {"metadata":{"emulator":{"name":"functions"},"function":{"name":"api"},"message":"[runtime-status] [32716] Running api in mode HTTPS"}}
[debug] [2020-12-14T20:14:12.941Z] [runtime-status] [32716] Attempting to listen to socketPath: \\?\pipe\D:\projects\clone\amzon-clone\amazon-clone\functions\32716 {"metadata":{"emulator":{"name":"functions"},"function":{"name":"api"},"message":"[runtime-status] [32716] Attempting to listen to socketPath: \\\\?\\pipe\\D:\\projects\\clone\\amzon-clone\\amazon-clone\\functions\\32716"}}
[debug] [2020-12-14T20:14:12.944Z] [functions] Runtime ready! Sending request! {"metadata":{"emulator":{"name":"functions"},"message":"[functions] Runtime ready! Sending request!"}}
[debug] [2020-12-14T20:14:12.956Z] [runtime-status] [32716] Ephemeral server handling GET request {"metadata":{"emulator":{"name":"functions"},"function":{"name":"api"},"message":"[runtime-status] [32716] Ephemeral server handling GET request"}}
[debug] [2020-12-14T20:14:13.002Z] [runtime-status] [32716] Ephemeral server survived. {"metadata":{"emulator":{"name":"functions"},"function":{"name":"api"},"message":"[runtime-status] [32716] Ephemeral server survived."}}
[info] i  functions: Finished "api" in ~1s {"metadata":{"emulator":{"name":"functions"},"function":{"name":"api"},"message":"Finished \"api\" in ~1s"}}
[debug] [2020-12-14T20:14:13.006Z] [worker-api-26b3a9f1-d19c-4bd7-b0d0-6f1275725047]: IDLE {"metadata":{"emulator":{"name":"functions"},"message":"[worker-api-26b3a9f1-d19c-4bd7-b0d0-6f1275725047]: IDLE"}}
[debug] [2020-12-14T20:14:13.006Z] [work-queue] {"queueLength":0,"workRunningCount":0}
[debug] [2020-12-14T20:14:13.167Z] Functions emulator received unknown request at path /favicon.ico
[debug] [2020-12-14T20:20:32.137Z] [work-queue] {"queueLength":1,"workRunningCount":0}
[debug] [2020-12-14T20:20:32.137Z] [work-queue] {"queueLength":0,"workRunningCount":1}
[debug] [2020-12-14T20:20:32.138Z] Accepted request POST /clone-e-2d18c/us-central1/api/payments/create?total=95600 --> api
[debug] [2020-12-14T20:20:32.138Z] [worker-pool] submitWork(triggerId=api) {"metadata":{"emulator":{"name":"functions"},"message":"[worker-pool] submitWork(triggerId=api)"}}
[debug] [2020-12-14T20:20:32.138Z] [worker-api-26b3a9f1-d19c-4bd7-b0d0-6f1275725047]: Assigning socketPath: \\?\pipe\D:\projects\clone\amzon-clone\amazon-clone\functions\32716 {"metadata":{"emulator":{"name":"functions"},"message":"[worker-api-26b3a9f1-d19c-4bd7-b0d0-6f1275725047]: Assigning socketPath: \\\\?\\pipe\\D:\\projects\\clone\\amzon-clone\\amazon-clone\\functions\\32716"}}
[debug] [2020-12-14T20:20:32.138Z] [worker-api-26b3a9f1-d19c-4bd7-b0d0-6f1275725047]: BUSY {"metadata":{"emulator":{"name":"functions"},"message":"[worker-api-26b3a9f1-d19c-4bd7-b0d0-6f1275725047]: BUSY"}}
[debug] [2020-12-14T20:20:32.139Z] [runtime-status] [32716] Trigger "api" has been found, beginning invocation! {"metadata":{"emulator":{"name":"functions"},"function":{"name":"api"},"message":"[runtime-status] [32716] Trigger \"api\" has been found, beginning invocation!"}}
[info] i  functions: Beginning execution of "api" {"metadata":{"emulator":{"name":"functions"},"function":{"name":"api"},"message":"Beginning execution of \"api\""}}
[debug] [2020-12-14T20:20:32.141Z] [runtime-status] [32716] triggerDefinition {"httpsTrigger":{},"name":"api","entryPoint":"api"} {"metadata":{"emulator":{"name":"functions"},"function":{"name":"api"},"message":"[runtime-status] [32716] triggerDefinition {\"httpsTrigger\":{},\"name\":\"api\",\"entryPoint\":\"api\"}"}}
[debug] [2020-12-14T20:20:32.141Z] [runtime-status] [32716] Running api in mode HTTPS {"metadata":{"emulator":{"name":"functions"},"function":{"name":"api"},"message":"[runtime-status] [32716] Running api in mode HTTPS"}}
[debug] [2020-12-14T20:20:32.141Z] [runtime-status] [32716] Attempting to listen to socketPath: \\?\pipe\D:\projects\clone\amzon-clone\amazon-clone\functions\32716 {"metadata":{"emulator":{"name":"functions"},"function":{"name":"api"},"message":"[runtime-status] [32716] Attempting to listen to socketPath: \\\\?\\pipe\\D:\\projects\\clone\\amzon-clone\\amazon-clone\\functions\\32716"}}
[debug] [2020-12-14T20:20:32.144Z] [functions] Runtime ready! Sending request! {"metadata":{"emulator":{"name":"functions"},"message":"[functions] Runtime ready! Sending request!"}}
[debug] [2020-12-14T20:20:32.148Z] [runtime-status] [32716] Ephemeral server handling POST request {"metadata":{"emulator":{"name":"functions"},"function":{"name":"api"},"message":"[runtime-status] [32716] Ephemeral server handling POST request"}}
[info] >  PAyment Request >> 95600 {"user":"PAyment Request >> 95600","metadata":{"emulator":{"name":"functions"},"function":{"name":"api"},"message":"\u001b[90m> \u001b[39m PAyment Request >> 95600"}}
[debug] [2020-12-14T20:20:32.158Z] [runtime-status] [32716] Ephemeral server survived. {"metadata":{"emulator":{"name":"functions"},"function":{"name":"api"},"message":"[runtime-status] [32716] Ephemeral server survived."}}
[info] i  functions: Finished "api" in ~1s {"metadata":{"emulator":{"name":"functions"},"function":{"name":"api"},"message":"Finished \"api\" in ~1s"}}
[debug] [2020-12-14T20:20:33.301Z] [worker-api-26b3a9f1-d19c-4bd7-b0d0-6f1275725047]: IDLE {"metadata":{"emulator":{"name":"functions"},"message":"[worker-api-26b3a9f1-d19c-4bd7-b0d0-6f1275725047]: IDLE"}}
[debug] [2020-12-14T20:20:33.301Z] [work-queue] {"queueLength":0,"workRunningCount":0}
[debug] [2020-12-14T20:28:40.025Z] [work-queue] {"queueLength":1,"workRunningCount":0}
[debug] [2020-12-14T20:28:40.025Z] [work-queue] {"queueLength":0,"workRunningCount":1}
[debug] [2020-12-14T20:28:40.025Z] Accepted request POST /clone-e-2d18c/us-central1/api/payments/create?total=71700 --> api
[debug] [2020-12-14T20:28:40.025Z] [worker-pool] submitWork(triggerId=api) {"metadata":{"emulator":{"name":"functions"},"message":"[worker-pool] submitWork(triggerId=api)"}}
[debug] [2020-12-14T20:28:40.025Z] [worker-api-26b3a9f1-d19c-4bd7-b0d0-6f1275725047]: Assigning socketPath: \\?\pipe\D:\projects\clone\amzon-clone\amazon-clone\functions\32716 {"metadata":{"emulator":{"name":"functions"},"message":"[worker-api-26b3a9f1-d19c-4bd7-b0d0-6f1275725047]: Assigning socketPath: \\\\?\\pipe\\D:\\projects\\clone\\amzon-clone\\amazon-clone\\functions\\32716"}}
[debug] [2020-12-14T20:28:40.026Z] [worker-api-26b3a9f1-d19c-4bd7-b0d0-6f1275725047]: BUSY {"metadata":{"emulator":{"name":"functions"},"message":"[worker-api-26b3a9f1-d19c-4bd7-b0d0-6f1275725047]: BUSY"}}
[debug] [2020-12-14T20:28:40.027Z] [runtime-status] [32716] Trigger "api" has been found, beginning invocation! {"metadata":{"emulator":{"name":"functions"},"function":{"name":"api"},"message":"[runtime-status] [32716] Trigger \"api\" has been found, beginning invocation!"}}
[info] i  functions: Beginning execution of "api" {"metadata":{"emulator":{"name":"functions"},"function":{"name":"api"},"message":"Beginning execution of \"api\""}}
[debug] [2020-12-14T20:28:40.029Z] [runtime-status] [32716] triggerDefinition {"httpsTrigger":{},"name":"api","entryPoint":"api"} {"metadata":{"emulator":{"name":"functions"},"function":{"name":"api"},"message":"[runtime-status] [32716] triggerDefinition {\"httpsTrigger\":{},\"name\":\"api\",\"entryPoint\":\"api\"}"}}
[debug] [2020-12-14T20:28:40.029Z] [runtime-status] [32716] Running api in mode HTTPS {"metadata":{"emulator":{"name":"functions"},"function":{"name":"api"},"message":"[runtime-status] [32716] Running api in mode HTTPS"}}
[debug] [2020-12-14T20:28:40.030Z] [runtime-status] [32716] Attempting to listen to socketPath: \\?\pipe\D:\projects\clone\amzon-clone\amazon-clone\functions\32716 {"metadata":{"emulator":{"name":"functions"},"function":{"name":"api"},"message":"[runtime-status] [32716] Attempting to listen to socketPath: \\\\?\\pipe\\D:\\projects\\clone\\amzon-clone\\amazon-clone\\functions\\32716"}}
[debug] [2020-12-14T20:28:40.031Z] [functions] Runtime ready! Sending request! {"metadata":{"emulator":{"name":"functions"},"message":"[functions] Runtime ready! Sending request!"}}
[debug] [2020-12-14T20:28:40.035Z] [runtime-status] [32716] Ephemeral server handling POST request {"metadata":{"emulator":{"name":"functions"},"function":{"name":"api"},"message":"[runtime-status] [32716] Ephemeral server handling POST request"}}
[info] >  PAyment Request >> 71700 {"user":"PAyment Request >> 71700","metadata":{"emulator":{"name":"functions"},"function":{"name":"api"},"message":"\u001b[90m> \u001b[39m PAyment Request >> 71700"}}
[debug] [2020-12-14T20:28:40.040Z] [runtime-status] [32716] Ephemeral server survived. {"metadata":{"emulator":{"name":"functions"},"function":{"name":"api"},"message":"[runtime-status] [32716] Ephemeral server survived."}}
[info] i  functions: Finished "api" in ~1s {"metadata":{"emulator":{"name":"functions"},"function":{"name":"api"},"message":"Finished \"api\" in ~1s"}}
[debug] [2020-12-14T20:28:41.178Z] [worker-api-26b3a9f1-d19c-4bd7-b0d0-6f1275725047]: IDLE {"metadata":{"emulator":{"name":"functions"},"message":"[worker-api-26b3a9f1-d19c-4bd7-b0d0-6f1275725047]: IDLE"}}
[debug] [2020-12-14T20:28:41.178Z] [work-queue] {"queueLength":0,"workRunningCount":0}
[debug] [2020-12-14T20:32:25.135Z] [work-queue] {"queueLength":1,"workRunningCount":0}
[debug] [2020-12-14T20:32:25.136Z] [work-queue] {"queueLength":0,"workRunningCount":1}
[debug] [2020-12-14T20:32:25.136Z] Accepted request POST /clone-e-2d18c/us-central1/api/payments/create?total=2392 --> api
[debug] [2020-12-14T20:32:25.136Z] [worker-pool] submitWork(triggerId=api) {"metadata":{"emulator":{"name":"functions"},"message":"[worker-pool] submitWork(triggerId=api)"}}
[debug] [2020-12-14T20:32:25.136Z] [worker-api-26b3a9f1-d19c-4bd7-b0d0-6f1275725047]: Assigning socketPath: \\?\pipe\D:\projects\clone\amzon-clone\amazon-clone\functions\32716 {"metadata":{"emulator":{"name":"functions"},"message":"[worker-api-26b3a9f1-d19c-4bd7-b0d0-6f1275725047]: Assigning socketPath: \\\\?\\pipe\\D:\\projects\\clone\\amzon-clone\\amazon-clone\\functions\\32716"}}
[debug] [2020-12-14T20:32:25.136Z] [worker-api-26b3a9f1-d19c-4bd7-b0d0-6f1275725047]: BUSY {"metadata":{"emulator":{"name":"functions"},"message":"[worker-api-26b3a9f1-d19c-4bd7-b0d0-6f1275725047]: BUSY"}}
[debug] [2020-12-14T20:32:25.137Z] [runtime-status] [32716] Trigger "api" has been found, beginning invocation! {"metadata":{"emulator":{"name":"functions"},"function":{"name":"api"},"message":"[runtime-status] [32716] Trigger \"api\" has been found, beginning invocation!"}}
[info] i  functions: Beginning execution of "api" {"metadata":{"emulator":{"name":"functions"},"function":{"name":"api"},"message":"Beginning execution of \"api\""}}
[debug] [2020-12-14T20:32:25.139Z] [runtime-status] [32716] triggerDefinition {"httpsTrigger":{},"name":"api","entryPoint":"api"} {"metadata":{"emulator":{"name":"functions"},"function":{"name":"api"},"message":"[runtime-status] [32716] triggerDefinition {\"httpsTrigger\":{},\"name\":\"api\",\"entryPoint\":\"api\"}"}}
[debug] [2020-12-14T20:32:25.140Z] [runtime-status] [32716] Running api in mode HTTPS {"metadata":{"emulator":{"name":"functions"},"function":{"name":"api"},"message":"[runtime-status] [32716] Running api in mode HTTPS"}}
[debug] [2020-12-14T20:32:25.140Z] [runtime-status] [32716] Attempting to listen to socketPath: \\?\pipe\D:\projects\clone\amzon-clone\amazon-clone\functions\32716 {"metadata":{"emulator":{"name":"functions"},"function":{"name":"api"},"message":"[runtime-status] [32716] Attempting to listen to socketPath: \\\\?\\pipe\\D:\\projects\\clone\\amzon-clone\\amazon-clone\\functions\\32716"}}
[debug] [2020-12-14T20:32:25.141Z] [functions] Runtime ready! Sending request! {"metadata":{"emulator":{"name":"functions"},"message":"[functions] Runtime ready! Sending request!"}}
[debug] [2020-12-14T20:32:25.144Z] [runtime-status] [32716] Ephemeral server handling POST request {"metadata":{"emulator":{"name":"functions"},"function":{"name":"api"},"message":"[runtime-status] [32716] Ephemeral server handling POST request"}}
[info] >  PAyment Request >> 2392 {"user":"PAyment Request >> 2392","metadata":{"emulator":{"name":"functions"},"function":{"name":"api"},"message":"\u001b[90m> \u001b[39m PAyment Request >> 2392"}}
[debug] [2020-12-14T20:32:25.146Z] [runtime-status] [32716] Ephemeral server survived. {"metadata":{"emulator":{"name":"functions"},"function":{"name":"api"},"message":"[runtime-status] [32716] Ephemeral server survived."}}
[info] i  functions: Finished "api" in ~1s {"metadata":{"emulator":{"name":"functions"},"function":{"name":"api"},"message":"Finished \"api\" in ~1s"}}
[debug] [2020-12-14T20:32:26.428Z] [worker-api-26b3a9f1-d19c-4bd7-b0d0-6f1275725047]: IDLE {"metadata":{"emulator":{"name":"functions"},"message":"[worker-api-26b3a9f1-d19c-4bd7-b0d0-6f1275725047]: IDLE"}}
[debug] [2020-12-14T20:32:26.429Z] [work-queue] {"queueLength":0,"workRunningCount":0}
[debug] [2020-12-14T22:38:46.276Z] [worker-api-26b3a9f1-d19c-4bd7-b0d0-6f1275725047]: exited {"metadata":{"emulator":{"name":"functions"},"message":"[worker-api-26b3a9f1-d19c-4bd7-b0d0-6f1275725047]: exited"}}
[debug] [2020-12-14T22:38:46.277Z] [worker-api-26b3a9f1-d19c-4bd7-b0d0-6f1275725047]: FINISHED {"metadata":{"emulator":{"name":"functions"},"message":"[worker-api-26b3a9f1-d19c-4bd7-b0d0-6f1275725047]: FINISHED"}}
[debug] [2020-12-14T22:38:46.286Z] [worker-~diagnostic~-68f384c4-a534-417b-a0ca-b1871f27c655]: exited {"metadata":{"emulator":{"name":"functions"},"message":"[worker-~diagnostic~-68f384c4-a534-417b-a0ca-b1871f27c655]: exited"}}
[debug] [2020-12-14T22:38:46.286Z] [worker-~diagnostic~-68f384c4-a534-417b-a0ca-b1871f27c655]: FINISHED {"metadata":{"emulator":{"name":"functions"},"message":"[worker-~diagnostic~-68f384c4-a534-417b-a0ca-b1871f27c655]: FINISHED"}}
